The system is: Darwin - 12.3.0 - i386
Compiling the C compiler identification source file "CMakeCCompilerId.c" succeeded.
Compiler: /usr/bin/cc 
Build flags: 
Id flags: 

The output was:
0


Compilation of the C compiler identification source "CMakeCCompilerId.c" produced "a.out"

The C compiler identification is Clang, found in "/Users/Juyong/OpenFlipper/build/CMakeFiles/2.8.10.2/CompilerIdC/a.out"

Compiling the CXX compiler identification source file "CMakeCXXCompilerId.cpp" succeeded.
Compiler: /usr/bin/c++ 
Build flags: 
Id flags: 

The output was:
0


Compilation of the CXX compiler identification source "CMakeCXXCompilerId.cpp" produced "a.out"

The CXX compiler identification is Clang, found in "/Users/Juyong/OpenFlipper/build/CMakeFiles/2.8.10.2/CompilerIdCXX/a.out"

Determining if the C compiler works passed with the following output:
Change Dir: /Users/Juyong/OpenFlipper/build/CMakeFiles/CMakeTmp

Run Build Command:/usr/bin/make "cmTryCompileExec3878809278/fast"
/usr/bin/make -f CMakeFiles/cmTryCompileExec3878809278.dir/build.make CMakeFiles/cmTryCompileExec3878809278.dir/build
/opt/local/bin/cmake -E cmake_progress_report /Users/Juyong/OpenFlipper/build/CMakeFiles/CMakeTmp/CMakeFiles 1
Building C object CMakeFiles/cmTryCompileExec3878809278.dir/testCCompiler.c.o
/usr/bin/cc    -o CMakeFiles/cmTryCompileExec3878809278.dir/testCCompiler.c.o   -c /Users/Juyong/OpenFlipper/build/CMakeFiles/CMakeTmp/testCCompiler.c
Linking C executable cmTryCompileExec3878809278
/opt/local/bin/cmake -E cmake_link_script CMakeFiles/cmTryCompileExec3878809278.dir/link.txt --verbose=1
/usr/bin/cc      -Wl,-search_paths_first -Wl,-headerpad_max_install_names   CMakeFiles/cmTryCompileExec3878809278.dir/testCCompiler.c.o  -o cmTryCompileExec3878809278  


Detecting C compiler ABI info compiled with the following output:
Change Dir: /Users/Juyong/OpenFlipper/build/CMakeFiles/CMakeTmp

Run Build Command:/usr/bin/make "cmTryCompileExec327496809/fast"
/usr/bin/make -f CMakeFiles/cmTryCompileExec327496809.dir/build.make CMakeFiles/cmTryCompileExec327496809.dir/build
/opt/local/bin/cmake -E cmake_progress_report /Users/Juyong/OpenFlipper/build/CMakeFiles/CMakeTmp/CMakeFiles 1
Building C object CMakeFiles/cmTryCompileExec327496809.dir/CMakeCCompilerABI.c.o
/usr/bin/cc    -o CMakeFiles/cmTryCompileExec327496809.dir/CMakeCCompilerABI.c.o   -c /opt/local/share/cmake-2.8/Modules/CMakeCCompilerABI.c
Linking C executable cmTryCompileExec327496809
/opt/local/bin/cmake -E cmake_link_script CMakeFiles/cmTryCompileExec327496809.dir/link.txt --verbose=1
/usr/bin/cc      -Wl,-search_paths_first -Wl,-headerpad_max_install_names -v CMakeFiles/cmTryCompileExec327496809.dir/CMakeCCompilerABI.c.o  -o cmTryCompileExec327496809   
Apple clang version 4.1 (tags/Apple/clang-421.11.66) (based on LLVM 3.1svn)
Target: x86_64-apple-darwin12.3.0
Thread model: posix
 "/usr/bin/ld" -demangle -dynamic -arch x86_64 -macosx_version_min 10.8.0 -o cmTryCompileExec327496809 -search_paths_first -headerpad_max_install_names CMakeFiles/cmTryCompileExec327496809.dir/CMakeCCompilerABI.c.o -lSystem /usr/bin/../lib/clang/4.1/lib/darwin/libclang_rt.osx.a


Parsed C implicit link information from above output:
  link line regex: [^( *|.*[/\])(ld|ld|collect2)[^/\]*( |$)]
  ignore line: [Change Dir: /Users/Juyong/OpenFlipper/build/CMakeFiles/CMakeTmp]
  ignore line: []
  ignore line: [Run Build Command:/usr/bin/make "cmTryCompileExec327496809/fast"]
  ignore line: [/usr/bin/make -f CMakeFiles/cmTryCompileExec327496809.dir/build.make CMakeFiles/cmTryCompileExec327496809.dir/build]
  ignore line: [/opt/local/bin/cmake -E cmake_progress_report /Users/Juyong/OpenFlipper/build/CMakeFiles/CMakeTmp/CMakeFiles 1]
  ignore line: [Building C object CMakeFiles/cmTryCompileExec327496809.dir/CMakeCCompilerABI.c.o]
  ignore line: [/usr/bin/cc    -o CMakeFiles/cmTryCompileExec327496809.dir/CMakeCCompilerABI.c.o   -c /opt/local/share/cmake-2.8/Modules/CMakeCCompilerABI.c]
  ignore line: [Linking C executable cmTryCompileExec327496809]
  ignore line: [/opt/local/bin/cmake -E cmake_link_script CMakeFiles/cmTryCompileExec327496809.dir/link.txt --verbose=1]
  ignore line: [/usr/bin/cc      -Wl,-search_paths_first -Wl,-headerpad_max_install_names -v CMakeFiles/cmTryCompileExec327496809.dir/CMakeCCompilerABI.c.o  -o cmTryCompileExec327496809   ]
  ignore line: [Apple clang version 4.1 (tags/Apple/clang-421.11.66) (based on LLVM 3.1svn)]
  ignore line: [Target: x86_64-apple-darwin12.3.0]
  ignore line: [Thread model: posix]
  link line: [ "/usr/bin/ld" -demangle -dynamic -arch x86_64 -macosx_version_min 10.8.0 -o cmTryCompileExec327496809 -search_paths_first -headerpad_max_install_names CMakeFiles/cmTryCompileExec327496809.dir/CMakeCCompilerABI.c.o -lSystem /usr/bin/../lib/clang/4.1/lib/darwin/libclang_rt.osx.a]
    arg [/usr/bin/ld] ==> ignore
    arg [-demangle] ==> ignore
    arg [-dynamic] ==> ignore
    arg [-arch] ==> ignore
    arg [x86_64] ==> ignore
    arg [-macosx_version_min] ==> ignore
    arg [10.8.0] ==> ignore
    arg [-o] ==> ignore
    arg [cmTryCompileExec327496809] ==> ignore
    arg [-search_paths_first] ==> ignore
    arg [-headerpad_max_install_names] ==> ignore
    arg [CMakeFiles/cmTryCompileExec327496809.dir/CMakeCCompilerABI.c.o] ==> ignore
    arg [-lSystem] ==> lib [System]
    arg [/usr/bin/../lib/clang/4.1/lib/darwin/libclang_rt.osx.a] ==> lib [/usr/bin/../lib/clang/4.1/lib/darwin/libclang_rt.osx.a]
  remove lib [System]
  implicit libs: [/usr/bin/../lib/clang/4.1/lib/darwin/libclang_rt.osx.a]
  implicit dirs: []


Determining if the CXX compiler works passed with the following output:
Change Dir: /Users/Juyong/OpenFlipper/build/CMakeFiles/CMakeTmp

Run Build Command:/usr/bin/make "cmTryCompileExec2368319800/fast"
/usr/bin/make -f CMakeFiles/cmTryCompileExec2368319800.dir/build.make CMakeFiles/cmTryCompileExec2368319800.dir/build
/opt/local/bin/cmake -E cmake_progress_report /Users/Juyong/OpenFlipper/build/CMakeFiles/CMakeTmp/CMakeFiles 1
Building CXX object CMakeFiles/cmTryCompileExec2368319800.dir/testCXXCompiler.cxx.o
/usr/bin/c++     -o CMakeFiles/cmTryCompileExec2368319800.dir/testCXXCompiler.cxx.o -c /Users/Juyong/OpenFlipper/build/CMakeFiles/CMakeTmp/testCXXCompiler.cxx
Linking CXX executable cmTryCompileExec2368319800
/opt/local/bin/cmake -E cmake_link_script CMakeFiles/cmTryCompileExec2368319800.dir/link.txt --verbose=1
/usr/bin/c++       -Wl,-search_paths_first -Wl,-headerpad_max_install_names   CMakeFiles/cmTryCompileExec2368319800.dir/testCXXCompiler.cxx.o  -o cmTryCompileExec2368319800  


Detecting CXX compiler ABI info compiled with the following output:
Change Dir: /Users/Juyong/OpenFlipper/build/CMakeFiles/CMakeTmp

Run Build Command:/usr/bin/make "cmTryCompileExec1452506502/fast"
/usr/bin/make -f CMakeFiles/cmTryCompileExec1452506502.dir/build.make CMakeFiles/cmTryCompileExec1452506502.dir/build
/opt/local/bin/cmake -E cmake_progress_report /Users/Juyong/OpenFlipper/build/CMakeFiles/CMakeTmp/CMakeFiles 1
Building CXX object CMakeFiles/cmTryCompileExec1452506502.dir/CMakeCXXCompilerABI.cpp.o
/usr/bin/c++     -o CMakeFiles/cmTryCompileExec1452506502.dir/CMakeCXXCompilerABI.cpp.o -c /opt/local/share/cmake-2.8/Modules/CMakeCXXCompilerABI.cpp
Linking CXX executable cmTryCompileExec1452506502
/opt/local/bin/cmake -E cmake_link_script CMakeFiles/cmTryCompileExec1452506502.dir/link.txt --verbose=1
/usr/bin/c++       -Wl,-search_paths_first -Wl,-headerpad_max_install_names -v CMakeFiles/cmTryCompileExec1452506502.dir/CMakeCXXCompilerABI.cpp.o  -o cmTryCompileExec1452506502   
Apple clang version 4.1 (tags/Apple/clang-421.11.66) (based on LLVM 3.1svn)
Target: x86_64-apple-darwin12.3.0
Thread model: posix
 "/usr/bin/ld" -demangle -dynamic -arch x86_64 -macosx_version_min 10.8.0 -o cmTryCompileExec1452506502 -search_paths_first -headerpad_max_install_names CMakeFiles/cmTryCompileExec1452506502.dir/CMakeCXXCompilerABI.cpp.o -lstdc++ -lSystem /usr/bin/../lib/clang/4.1/lib/darwin/libclang_rt.osx.a


Parsed CXX implicit link information from above output:
  link line regex: [^( *|.*[/\])(ld|ld|collect2)[^/\]*( |$)]
  ignore line: [Change Dir: /Users/Juyong/OpenFlipper/build/CMakeFiles/CMakeTmp]
  ignore line: []
  ignore line: [Run Build Command:/usr/bin/make "cmTryCompileExec1452506502/fast"]
  ignore line: [/usr/bin/make -f CMakeFiles/cmTryCompileExec1452506502.dir/build.make CMakeFiles/cmTryCompileExec1452506502.dir/build]
  ignore line: [/opt/local/bin/cmake -E cmake_progress_report /Users/Juyong/OpenFlipper/build/CMakeFiles/CMakeTmp/CMakeFiles 1]
  ignore line: [Building CXX object CMakeFiles/cmTryCompileExec1452506502.dir/CMakeCXXCompilerABI.cpp.o]
  ignore line: [/usr/bin/c++     -o CMakeFiles/cmTryCompileExec1452506502.dir/CMakeCXXCompilerABI.cpp.o -c /opt/local/share/cmake-2.8/Modules/CMakeCXXCompilerABI.cpp]
  ignore line: [Linking CXX executable cmTryCompileExec1452506502]
  ignore line: [/opt/local/bin/cmake -E cmake_link_script CMakeFiles/cmTryCompileExec1452506502.dir/link.txt --verbose=1]
  ignore line: [/usr/bin/c++       -Wl,-search_paths_first -Wl,-headerpad_max_install_names -v CMakeFiles/cmTryCompileExec1452506502.dir/CMakeCXXCompilerABI.cpp.o  -o cmTryCompileExec1452506502   ]
  ignore line: [Apple clang version 4.1 (tags/Apple/clang-421.11.66) (based on LLVM 3.1svn)]
  ignore line: [Target: x86_64-apple-darwin12.3.0]
  ignore line: [Thread model: posix]
  link line: [ "/usr/bin/ld" -demangle -dynamic -arch x86_64 -macosx_version_min 10.8.0 -o cmTryCompileExec1452506502 -search_paths_first -headerpad_max_install_names CMakeFiles/cmTryCompileExec1452506502.dir/CMakeCXXCompilerABI.cpp.o -lstdc++ -lSystem /usr/bin/../lib/clang/4.1/lib/darwin/libclang_rt.osx.a]
    arg [/usr/bin/ld] ==> ignore
    arg [-demangle] ==> ignore
    arg [-dynamic] ==> ignore
    arg [-arch] ==> ignore
    arg [x86_64] ==> ignore
    arg [-macosx_version_min] ==> ignore
    arg [10.8.0] ==> ignore
    arg [-o] ==> ignore
    arg [cmTryCompileExec1452506502] ==> ignore
    arg [-search_paths_first] ==> ignore
    arg [-headerpad_max_install_names] ==> ignore
    arg [CMakeFiles/cmTryCompileExec1452506502.dir/CMakeCXXCompilerABI.cpp.o] ==> ignore
    arg [-lstdc++] ==> lib [stdc++]
    arg [-lSystem] ==> lib [System]
    arg [/usr/bin/../lib/clang/4.1/lib/darwin/libclang_rt.osx.a] ==> lib [/usr/bin/../lib/clang/4.1/lib/darwin/libclang_rt.osx.a]
  remove lib [System]
  implicit libs: [stdc++;/usr/bin/../lib/clang/4.1/lib/darwin/libclang_rt.osx.a]
  implicit dirs: []


Determining if the Q_WS_MAC exist passed with the following output:
Change Dir: /Users/Juyong/OpenFlipper/build/CMakeFiles/CMakeTmp

Run Build Command:/usr/bin/make "cmTryCompileExec544965991/fast"
/usr/bin/make -f CMakeFiles/cmTryCompileExec544965991.dir/build.make CMakeFiles/cmTryCompileExec544965991.dir/build
/opt/local/bin/cmake -E cmake_progress_report /Users/Juyong/OpenFlipper/build/CMakeFiles/CMakeTmp/CMakeFiles 1
Building CXX object CMakeFiles/cmTryCompileExec544965991.dir/CheckSymbolExists.cxx.o
/usr/bin/c++    -I/opt/local/include    -o CMakeFiles/cmTryCompileExec544965991.dir/CheckSymbolExists.cxx.o -c /Users/Juyong/OpenFlipper/build/CMakeFiles/CMakeTmp/CheckSymbolExists.cxx
Linking CXX executable cmTryCompileExec544965991
/opt/local/bin/cmake -E cmake_link_script CMakeFiles/cmTryCompileExec544965991.dir/link.txt --verbose=1
/usr/bin/c++       -Wl,-search_paths_first -Wl,-headerpad_max_install_names   CMakeFiles/cmTryCompileExec544965991.dir/CheckSymbolExists.cxx.o  -o cmTryCompileExec544965991  

File /Users/Juyong/OpenFlipper/build/CMakeFiles/CMakeTmp/CheckSymbolExists.cxx:
/* */
#include <QtCore/qglobal.h>

int main(int argc, char** argv)
{
  (void)argv;
#ifndef Q_WS_MAC
  return ((int*)(&Q_WS_MAC))[argc];
#else
  (void)argc;
  return 0;
#endif
}

Determining if the QT_MAC_USE_COCOA exist passed with the following output:
Change Dir: /Users/Juyong/OpenFlipper/build/CMakeFiles/CMakeTmp

Run Build Command:/usr/bin/make "cmTryCompileExec2623251712/fast"
/usr/bin/make -f CMakeFiles/cmTryCompileExec2623251712.dir/build.make CMakeFiles/cmTryCompileExec2623251712.dir/build
/opt/local/bin/cmake -E cmake_progress_report /Users/Juyong/OpenFlipper/build/CMakeFiles/CMakeTmp/CMakeFiles 1
Building CXX object CMakeFiles/cmTryCompileExec2623251712.dir/CheckSymbolExists.cxx.o
/usr/bin/c++    -I/opt/local/include    -o CMakeFiles/cmTryCompileExec2623251712.dir/CheckSymbolExists.cxx.o -c /Users/Juyong/OpenFlipper/build/CMakeFiles/CMakeTmp/CheckSymbolExists.cxx
Linking CXX executable cmTryCompileExec2623251712
/opt/local/bin/cmake -E cmake_link_script CMakeFiles/cmTryCompileExec2623251712.dir/link.txt --verbose=1
/usr/bin/c++       -Wl,-search_paths_first -Wl,-headerpad_max_install_names   CMakeFiles/cmTryCompileExec2623251712.dir/CheckSymbolExists.cxx.o  -o cmTryCompileExec2623251712  

File /Users/Juyong/OpenFlipper/build/CMakeFiles/CMakeTmp/CheckSymbolExists.cxx:
/* */
#include <QtCore/qconfig.h>

int main(int argc, char** argv)
{
  (void)argv;
#ifndef QT_MAC_USE_COCOA
  return ((int*)(&QT_MAC_USE_COCOA))[argc];
#else
  (void)argc;
  return 0;
#endif
}

